<?xml version="1.0" encoding="UTF-8"?>
<coverage generated="1651784741792" clover="3.2.0">
  <project timestamp="1651784741792" name="All files">
    <metrics statements="10" coveredstatements="9" conditionals="0" coveredconditionals="0" methods="5" coveredmethods="4" elements="15" coveredelements="13" complexity="0" loc="10" ncloc="10" packages="2" files="2" classes="2"/>
    <package name="backend.categories.decorators">
      <metrics statements="7" coveredstatements="7" conditionals="0" coveredconditionals="0" methods="3" coveredmethods="3"/>
      <file name="Integration.ts" path="/home/empeor/work/typescript/IntegrationStation/src/code/full/backend/categories/decorators/Integration.ts">
        <metrics statements="7" coveredstatements="7" conditionals="0" coveredconditionals="0" methods="3" coveredmethods="3"/>
        <line num="1" count="1" type="stmt"/>
        <line num="11" count="1" type="stmt"/>
        <line num="30" count="1" type="stmt"/>
        <line num="31" count="1" type="stmt"/>
        <line num="32" count="1" type="stmt"/>
        <line num="33" count="1" type="stmt"/>
        <line num="38" count="1" type="stmt"/>
      </file>
    </package>
    <package name="utils">
      <metrics statements="3" coveredstatements="2" conditionals="0" coveredconditionals="0" methods="2" coveredmethods="1"/>
      <file name="ConstructionObjectPropertySetter.ts" path="/home/empeor/work/typescript/IntegrationStation/src/code/full/utils/ConstructionObjectPropertySetter.ts">
        <metrics statements="3" coveredstatements="2" conditionals="0" coveredconditionals="0" methods="2" coveredmethods="1"/>
        <line num="24" count="1" type="stmt"/>
        <line num="29" count="1" type="stmt"/>
        <line num="33" count="0" type="stmt"/>
      </file>
    </package>
  </project>
</coverage>
