{"/home/empeor/work/typescript/IntegrationStation/src/code/full/Types_V2.ts": {"path":"/home/empeor/work/typescript/IntegrationStation/src/code/full/Types_V2.ts","statementMap":{"0":{"start":{"line":9,"column":0},"end":{"line":9,"column":null}},"1":{"start":{"line":11,"column":4},"end":{"line":11,"column":null}}},"fnMap":{"0":{"name":"(anonymous_0)","decl":{"start":{"line":9,"column":0},"end":{"line":9,"column":17}},"loc":{"start":{"line":9,"column":34},"end":{"line":72,"column":1}}},"1":{"name":"(anonymous_1)","decl":{"start":{"line":11,"column":4},"end":{"line":11,"column":21}},"loc":{"start":{"line":11,"column":26},"end":{"line":70,"column":5}}}},"branchMap":{"0":{"loc":{"start":{"line":11,"column":21},"end":{"line":11,"column":null}},"type":"binary-expr","locations":[{"start":{"line":11,"column":21},"end":{"line":11,"column":26}},{"start":{"line":11,"column":21},"end":{"line":11,"column":null}}]},"1":{"loc":{"start":{"line":9,"column":17},"end":{"line":9,"column":null}},"type":"binary-expr","locations":[{"start":{"line":9,"column":17},"end":{"line":9,"column":34}},{"start":{"line":9,"column":17},"end":{"line":9,"column":null}}]}},"s":{"0":1,"1":1},"f":{"0":1,"1":1},"b":{"0":[1,1],"1":[1,1]}}
}
