{"/home/empeor/work/typescript/IntegrationStation/src/code/full/backend/categories/decorators/Integration.ts": {"path":"/home/empeor/work/typescript/IntegrationStation/src/code/full/backend/categories/decorators/Integration.ts","statementMap":{"0":{"start":{"line":1,"column":0},"end":{"line":1,"column":28}},"1":{"start":{"line":30,"column":4},"end":{"line":40,"column":null}},"2":{"start":{"line":31,"column":18},"end":{"line":37,"column":14}},"3":{"start":{"line":32,"column":22},"end":{"line":32,"column":72}},"4":{"start":{"line":33,"column":12},"end":{"line":36,"column":null}},"5":{"start":{"line":38,"column":8},"end":{"line":38,"column":null}},"6":{"start":{"line":11,"column":0},"end":{"line":11,"column":16}}},"fnMap":{"0":{"name":"IntegrateChildComponents","decl":{"start":{"line":11,"column":16},"end":{"line":11,"column":40}},"loc":{"start":{"line":20,"column":60},"end":{"line":41,"column":1}}},"1":{"name":"(anonymous_1)","decl":{"start":{"line":30,"column":11},"end":{"line":30,"column":52}},"loc":{"start":{"line":30,"column":70},"end":{"line":40,"column":5}}},"2":{"name":"(anonymous_2)","decl":{"start":{"line":31,"column":45},"end":{"line":31,"column":46}},"loc":{"start":{"line":31,"column":102},"end":{"line":37,"column":9}}}},"branchMap":{},"s":{"0":1,"1":1,"2":1,"3":1,"4":1,"5":1,"6":1},"f":{"0":1,"1":1,"2":1},"b":{}}
,"/home/empeor/work/typescript/IntegrationStation/src/code/full/utils/ConstructionObjectPropertySetter.ts": {"path":"/home/empeor/work/typescript/IntegrationStation/src/code/full/utils/ConstructionObjectPropertySetter.ts","statementMap":{"0":{"start":{"line":29,"column":8},"end":{"line":29,"column":null}},"1":{"start":{"line":33,"column":8},"end":{"line":33,"column":null}},"2":{"start":{"line":24,"column":0},"end":{"line":24,"column":22}}},"fnMap":{"0":{"name":"(anonymous_0)","decl":{"start":{"line":28,"column":4},"end":{"line":28,"column":16}},"loc":{"start":{"line":28,"column":51},"end":{"line":30,"column":5}}},"1":{"name":"(anonymous_1)","decl":{"start":{"line":32,"column":4},"end":{"line":32,"column":13}},"loc":{"start":{"line":32,"column":49},"end":{"line":34,"column":5}}}},"branchMap":{},"s":{"0":1,"1":0,"2":1},"f":{"0":1,"1":0},"b":{}}
}
