TN:
SF:src/code/full/backend/categories/decorators/Integration.ts
FN:11,IntegrateChildComponents
FN:30,(anonymous_1)
FN:31,(anonymous_2)
FNF:3
FNH:3
FNDA:1,IntegrateChildComponents
FNDA:1,(anonymous_1)
FNDA:1,(anonymous_2)
DA:1,1
DA:11,1
DA:30,1
DA:31,1
DA:32,1
DA:33,1
DA:38,1
LF:7
LH:7
BRF:0
BRH:0
end_of_record
TN:
SF:src/code/full/utils/ConstructionObjectPropertySetter.ts
FN:28,(anonymous_0)
FN:32,(anonymous_1)
FNF:2
FNH:1
FNDA:1,(anonymous_0)
FNDA:0,(anonymous_1)
DA:24,1
DA:29,1
DA:33,0
LF:3
LH:2
BRF:0
BRH:0
end_of_record
